mode: set
github.com/MathysWaelter/awesome-api/main.go:13.13,15.43 2 0
github.com/MathysWaelter/awesome-api/main.go:18.2,21.57 2 0
github.com/MathysWaelter/awesome-api/main.go:15.43,17.3 1 0
github.com/MathysWaelter/awesome-api/main.go:24.32,33.2 4 0
github.com/MathysWaelter/awesome-api/main.go:35.65,43.2 2 0
github.com/MathysWaelter/awesome-api/main.go:45.59,53.25 4 1
github.com/MathysWaelter/awesome-api/main.go:66.2,66.46 1 1
github.com/MathysWaelter/awesome-api/main.go:71.2,74.56 2 1
github.com/MathysWaelter/awesome-api/main.go:54.9,56.13 1 1
github.com/MathysWaelter/awesome-api/main.go:57.9,59.24 1 1
github.com/MathysWaelter/awesome-api/main.go:60.10,62.40 1 0
github.com/MathysWaelter/awesome-api/main.go:66.46,69.8 2 1
